{"C:\\xampp\\htdocs\\Faiyaz\\JS-Testing\\app.js": {"path":"C:\\xampp\\htdocs\\Faiyaz\\JS-Testing\\app.js","statementMap":{"0":{"start":{"line":1,"column":14},"end":{"line":1,"column":36}},"1":{"start":{"line":1,"column":20},"end":{"line":1,"column":36}},"2":{"start":{"line":3,"column":12},"end":{"line":3,"column":27}},"3":{"start":{"line":3,"column":22},"end":{"line":3,"column":27}},"4":{"start":{"line":5,"column":17},"end":{"line":5,"column":32}},"5":{"start":{"line":5,"column":27},"end":{"line":5,"column":32}},"6":{"start":{"line":7,"column":0},"end":{"line":10,"column":1}}},"fnMap":{"0":{"name":"(anonymous_0)","decl":{"start":{"line":1,"column":14},"end":{"line":1,"column":15}},"loc":{"start":{"line":1,"column":20},"end":{"line":1,"column":36}},"line":1},"1":{"name":"(anonymous_1)","decl":{"start":{"line":3,"column":12},"end":{"line":3,"column":13}},"loc":{"start":{"line":3,"column":22},"end":{"line":3,"column":27}},"line":3},"2":{"name":"(anonymous_2)","decl":{"start":{"line":5,"column":17},"end":{"line":5,"column":18}},"loc":{"start":{"line":5,"column":27},"end":{"line":5,"column":32}},"line":5}},"branchMap":{},"s":{"0":2,"1":3,"2":2,"3":2,"4":2,"5":0,"6":2},"f":{"0":3,"1":2,"2":0},"b":{},"_coverageSchema":"332fd63041d2c1bcb487cc26dd0d5f7d97098a6c","hash":"300f078ee58f640ae81e2280857bad66bb1f8968"}
}
